2020-09-12 21:53:29,245 INFO  com.wordpress.post.Post_01_Create_View_Edit_Delete - 
2020-09-12 21:54:43,470 INFO  com.wordpress.post.Post_01_Create_View_Edit_Delete - Pre-condition - Open browser
2020-09-12 21:54:53,729 INFO  com.wordpress.post.Post_01_Create_View_Edit_Delete - Pre-condition - STEP 01: Open Login Page Admin
2020-09-12 21:54:53,732 INFO  com.wordpress.post.Post_01_Create_View_Edit_Delete - Pre-condition - STEP 02: Input To 'Email' textbox 
2020-09-12 21:54:54,078 INFO  com.wordpress.post.Post_01_Create_View_Edit_Delete - Pre-condition - STEP 03: Click to 'Continue' button
2020-09-12 21:54:54,228 INFO  com.wordpress.post.Post_01_Create_View_Edit_Delete - Pre-condition - STEP 04: Input to 'Password' textbox
2020-09-12 21:54:54,942 INFO  com.wordpress.post.Post_01_Create_View_Edit_Delete - Pre-condition - STEP 05: Click to 'Login' button
2020-09-12 21:54:55,048 INFO  com.wordpress.post.Post_01_Create_View_Edit_Delete - Pre-condition - STEP 06: Verify Dashboard Header Displayed
2020-09-13 21:41:27,411 INFO  com.wordpress.post.Post_01_Create_View_Edit_Delete - Pre-condition - Open browser
2020-09-13 21:41:39,549 INFO  com.wordpress.post.Post_01_Create_View_Edit_Delete - Pre-condition - STEP 01: Open Login Page Admin
2020-09-13 21:41:39,553 INFO  com.wordpress.post.Post_01_Create_View_Edit_Delete - Pre-condition - STEP 02: Input To 'Email' textbox 
2020-09-13 21:41:40,131 INFO  com.wordpress.post.Post_01_Create_View_Edit_Delete - Pre-condition - STEP 03: Click to 'Continue' button
2020-09-13 21:41:40,417 INFO  com.wordpress.post.Post_01_Create_View_Edit_Delete - Pre-condition - STEP 04: Input to 'Password' textbox
2020-09-13 21:41:41,250 INFO  com.wordpress.post.Post_01_Create_View_Edit_Delete - Pre-condition - STEP 05: Click to 'Login' button
2020-09-13 21:41:41,455 INFO  com.wordpress.post.Post_01_Create_View_Edit_Delete - Pre-condition - STEP 06: Verify Dashboard Header Displayed
2020-09-13 21:42:15,630 INFO  com.wordpress.post.Post_01_Create_View_Edit_Delete - Post condition - Close browser 
2020-09-13 22:03:44,765 INFO  com.wordpress.post.Post_01_Create_View_Edit_Delete - Pre-condition - Open browser
2020-09-13 22:03:53,162 INFO  com.wordpress.post.Post_01_Create_View_Edit_Delete - Pre-condition - STEP 01: Open Login Page Admin
2020-09-13 22:03:53,166 INFO  com.wordpress.post.Post_01_Create_View_Edit_Delete - Pre-condition - STEP 02: Input To 'Email' textbox 
2020-09-13 22:03:53,438 INFO  com.wordpress.post.Post_01_Create_View_Edit_Delete - Pre-condition - STEP 03: Click to 'Continue' button
2020-09-13 22:03:53,579 INFO  com.wordpress.post.Post_01_Create_View_Edit_Delete - Pre-condition - STEP 04: Input to 'Password' textbox
2020-09-13 22:03:54,314 INFO  com.wordpress.post.Post_01_Create_View_Edit_Delete - Pre-condition - STEP 05: Click to 'Login' button
2020-09-13 22:03:54,440 INFO  com.wordpress.post.Post_01_Create_View_Edit_Delete - Pre-condition - STEP 06: Verify Dashboard Header Displayed
2020-09-13 22:04:01,341 INFO  com.wordpress.post.Post_01_Create_View_Edit_Delete - Post condition - Close browser 
2020-09-13 22:07:15,768 INFO  com.wordpress.post.Post_01_Create_View_Edit_Delete - Pre-condition - Open browser
2020-09-13 22:07:23,744 INFO  com.wordpress.post.Post_01_Create_View_Edit_Delete - Pre-condition - STEP 01: Open Login Page Admin
2020-09-13 22:07:23,747 INFO  com.wordpress.post.Post_01_Create_View_Edit_Delete - Pre-condition - STEP 02: Input To 'Email' textbox 
2020-09-13 22:07:24,103 INFO  com.wordpress.post.Post_01_Create_View_Edit_Delete - Pre-condition - STEP 03: Click to 'Continue' button
2020-09-13 22:07:24,245 INFO  com.wordpress.post.Post_01_Create_View_Edit_Delete - Pre-condition - STEP 04: Input to 'Password' textbox
2020-09-13 22:07:24,969 INFO  com.wordpress.post.Post_01_Create_View_Edit_Delete - Pre-condition - STEP 05: Click to 'Login' button
2020-09-13 22:07:25,079 INFO  com.wordpress.post.Post_01_Create_View_Edit_Delete - Pre-condition - STEP 06: Verify Dashboard Header Displayed
2020-09-13 22:07:32,448 INFO  com.wordpress.post.Post_01_Create_View_Edit_Delete - Post condition - Close browser 
2020-09-13 22:08:05,751 INFO  com.wordpress.post.Post_01_Create_View_Edit_Delete - Pre-condition - Open browser
2020-09-13 22:08:14,004 INFO  com.wordpress.post.Post_01_Create_View_Edit_Delete - Pre-condition - STEP 01: Open Login Page Admin
2020-09-13 22:08:14,007 INFO  com.wordpress.post.Post_01_Create_View_Edit_Delete - Pre-condition - STEP 02: Input To 'Email' textbox 
2020-09-13 22:08:14,342 INFO  com.wordpress.post.Post_01_Create_View_Edit_Delete - Pre-condition - STEP 03: Click to 'Continue' button
2020-09-13 22:08:14,485 INFO  com.wordpress.post.Post_01_Create_View_Edit_Delete - Pre-condition - STEP 04: Input to 'Password' textbox
2020-09-13 22:08:15,224 INFO  com.wordpress.post.Post_01_Create_View_Edit_Delete - Pre-condition - STEP 05: Click to 'Login' button
2020-09-13 22:08:15,343 INFO  com.wordpress.post.Post_01_Create_View_Edit_Delete - Pre-condition - STEP 06: Verify Dashboard Header Displayed
2020-09-13 22:08:24,372 INFO  com.wordpress.post.Post_01_Create_View_Edit_Delete - Post condition - Close browser 
2020-09-13 22:12:21,901 INFO  com.wordpress.post.Post_01_Create_View_Edit_Delete - Pre-condition - Open browser
2020-09-13 22:12:29,396 INFO  com.wordpress.post.Post_01_Create_View_Edit_Delete - Pre-condition - STEP 01: Open Login Page Admin
2020-09-13 22:12:29,400 INFO  com.wordpress.post.Post_01_Create_View_Edit_Delete - Pre-condition - STEP 02: Input To 'Email' textbox 
2020-09-13 22:12:29,755 INFO  com.wordpress.post.Post_01_Create_View_Edit_Delete - Pre-condition - STEP 03: Click to 'Continue' button
2020-09-13 22:12:29,894 INFO  com.wordpress.post.Post_01_Create_View_Edit_Delete - Pre-condition - STEP 04: Input to 'Password' textbox
2020-09-13 22:12:30,605 INFO  com.wordpress.post.Post_01_Create_View_Edit_Delete - Pre-condition - STEP 05: Click to 'Login' button
2020-09-13 22:12:30,720 INFO  com.wordpress.post.Post_01_Create_View_Edit_Delete - Pre-condition - STEP 06: Verify Dashboard Header Displayed
2020-09-13 22:12:40,147 INFO  com.wordpress.post.Post_01_Create_View_Edit_Delete - Post condition - Close browser 
2020-09-13 22:20:10,954 INFO  com.wordpress.post.Post_01_Create_View_Edit_Delete - Pre-condition - Open browser
2020-09-13 22:20:18,776 INFO  com.wordpress.post.Post_01_Create_View_Edit_Delete - Pre-condition - STEP 01: Open Login Page Admin
2020-09-13 22:20:18,778 INFO  com.wordpress.post.Post_01_Create_View_Edit_Delete - Pre-condition - STEP 02: Input To 'Email' textbox 
2020-09-13 22:20:19,127 INFO  com.wordpress.post.Post_01_Create_View_Edit_Delete - Pre-condition - STEP 03: Click to 'Continue' button
2020-09-13 22:20:19,286 INFO  com.wordpress.post.Post_01_Create_View_Edit_Delete - Pre-condition - STEP 04: Input to 'Password' textbox
2020-09-13 22:20:20,001 INFO  com.wordpress.post.Post_01_Create_View_Edit_Delete - Pre-condition - STEP 05: Click to 'Login' button
2020-09-13 22:20:20,114 INFO  com.wordpress.post.Post_01_Create_View_Edit_Delete - Pre-condition - STEP 06: Verify Dashboard Header Displayed
2020-09-13 22:20:30,226 INFO  com.wordpress.post.Post_01_Create_View_Edit_Delete - Post condition - Close browser 
2020-09-13 22:23:16,250 INFO  com.wordpress.post.Post_01_Create_View_Edit_Delete - Pre-condition - Open browser
2020-09-13 22:23:25,296 INFO  com.wordpress.post.Post_01_Create_View_Edit_Delete - Pre-condition - STEP 01: Open Login Page Admin
2020-09-13 22:23:25,302 INFO  com.wordpress.post.Post_01_Create_View_Edit_Delete - Pre-condition - STEP 02: Input To 'Email' textbox 
2020-09-13 22:23:25,794 INFO  com.wordpress.post.Post_01_Create_View_Edit_Delete - Pre-condition - STEP 03: Click to 'Continue' button
2020-09-13 22:23:25,992 INFO  com.wordpress.post.Post_01_Create_View_Edit_Delete - Pre-condition - STEP 04: Input to 'Password' textbox
2020-09-13 22:23:26,788 INFO  com.wordpress.post.Post_01_Create_View_Edit_Delete - Pre-condition - STEP 05: Click to 'Login' button
2020-09-13 22:23:26,972 INFO  com.wordpress.post.Post_01_Create_View_Edit_Delete - Pre-condition - STEP 06: Verify Dashboard Header Displayed
2020-09-13 22:23:36,787 INFO  com.wordpress.post.Post_01_Create_View_Edit_Delete - Post condition - Close browser 
2020-09-13 22:31:10,559 INFO  com.wordpress.post.Post_01_Create_View_Edit_Delete - Pre-condition - Open browser
2020-09-13 22:31:18,685 INFO  com.wordpress.post.Post_01_Create_View_Edit_Delete - Pre-condition - STEP 01: Open Login Page Admin
2020-09-13 22:31:18,689 INFO  com.wordpress.post.Post_01_Create_View_Edit_Delete - Pre-condition - STEP 02: Input To 'Email' textbox 
2020-09-13 22:31:19,043 INFO  com.wordpress.post.Post_01_Create_View_Edit_Delete - Pre-condition - STEP 03: Click to 'Continue' button
2020-09-13 22:31:19,187 INFO  com.wordpress.post.Post_01_Create_View_Edit_Delete - Pre-condition - STEP 04: Input to 'Password' textbox
2020-09-13 22:31:19,906 INFO  com.wordpress.post.Post_01_Create_View_Edit_Delete - Pre-condition - STEP 05: Click to 'Login' button
2020-09-13 22:31:20,021 INFO  com.wordpress.post.Post_01_Create_View_Edit_Delete - Pre-condition - STEP 06: Verify Dashboard Header Displayed
2020-09-13 22:31:28,702 INFO  com.wordpress.post.Post_01_Create_View_Edit_Delete - Post condition - Close browser 
2020-09-13 22:34:56,019 INFO  com.wordpress.post.Post_01_Create_View_Edit_Delete - Pre-condition - Open browser
2020-09-13 22:35:04,410 INFO  com.wordpress.post.Post_01_Create_View_Edit_Delete - Pre-condition - STEP 01: Open Login Page Admin
2020-09-13 22:35:04,413 INFO  com.wordpress.post.Post_01_Create_View_Edit_Delete - Pre-condition - STEP 02: Input To 'Email' textbox 
2020-09-13 22:35:04,811 INFO  com.wordpress.post.Post_01_Create_View_Edit_Delete - Pre-condition - STEP 03: Click to 'Continue' button
2020-09-13 22:35:04,969 INFO  com.wordpress.post.Post_01_Create_View_Edit_Delete - Pre-condition - STEP 04: Input to 'Password' textbox
2020-09-13 22:35:05,688 INFO  com.wordpress.post.Post_01_Create_View_Edit_Delete - Pre-condition - STEP 05: Click to 'Login' button
2020-09-13 22:35:05,805 INFO  com.wordpress.post.Post_01_Create_View_Edit_Delete - Pre-condition - STEP 06: Verify Dashboard Header Displayed
2020-09-13 22:35:14,286 INFO  com.wordpress.post.Post_01_Create_View_Edit_Delete - Post condition - Close browser 
2020-09-14 21:04:37,084 INFO  com.wordpress.post.Post_01_Create_View_Edit_Delete - Pre-condition - Open browser
2020-09-14 21:04:49,719 INFO  com.wordpress.post.Post_01_Create_View_Edit_Delete - Pre-condition - STEP 01: Open Login Page Admin
2020-09-14 21:04:49,814 INFO  com.wordpress.post.Post_01_Create_View_Edit_Delete - Pre-condition - STEP 02: Input To 'Email' textbox 
2020-09-14 21:04:50,291 INFO  com.wordpress.post.Post_01_Create_View_Edit_Delete - Pre-condition - STEP 03: Click to 'Continue' button
2020-09-14 21:04:50,524 INFO  com.wordpress.post.Post_01_Create_View_Edit_Delete - Pre-condition - STEP 04: Input to 'Password' textbox
2020-09-14 21:04:51,814 INFO  com.wordpress.post.Post_01_Create_View_Edit_Delete - Pre-condition - STEP 05: Click to 'Login' button
2020-09-14 21:04:51,967 INFO  com.wordpress.post.Post_01_Create_View_Edit_Delete - Pre-condition - STEP 06: Verify Dashboard Header Displayed
2020-09-14 21:05:03,547 INFO  com.wordpress.post.Post_01_Create_View_Edit_Delete - Post condition - Close browser 
2020-09-14 21:05:37,673 INFO  com.wordpress.post.Post_01_Create_View_Edit_Delete - Pre-condition - Open browser
2020-09-14 21:05:47,500 INFO  com.wordpress.post.Post_01_Create_View_Edit_Delete - Pre-condition - STEP 01: Open Login Page Admin
2020-09-14 21:05:47,502 INFO  com.wordpress.post.Post_01_Create_View_Edit_Delete - Pre-condition - STEP 02: Input To 'Email' textbox 
2020-09-14 21:05:47,827 INFO  com.wordpress.post.Post_01_Create_View_Edit_Delete - Pre-condition - STEP 03: Click to 'Continue' button
2020-09-14 21:05:47,955 INFO  com.wordpress.post.Post_01_Create_View_Edit_Delete - Pre-condition - STEP 04: Input to 'Password' textbox
2020-09-14 21:05:48,650 INFO  com.wordpress.post.Post_01_Create_View_Edit_Delete - Pre-condition - STEP 05: Click to 'Login' button
2020-09-14 21:05:48,746 INFO  com.wordpress.post.Post_01_Create_View_Edit_Delete - Pre-condition - STEP 06: Verify Dashboard Header Displayed
2020-09-14 21:06:07,744 INFO  com.wordpress.post.Post_01_Create_View_Edit_Delete -  -------------------------- PASSED -------------------------- 
2020-09-14 21:06:38,076 INFO  com.wordpress.post.Post_01_Create_View_Edit_Delete - Post condition - Close browser 
2020-09-14 21:20:01,982 INFO  com.wordpress.post.Post_01_Create_View_Edit_Delete - Pre-condition - Open browser
2020-09-14 21:20:11,561 INFO  com.wordpress.post.Post_01_Create_View_Edit_Delete - Pre-condition - STEP 01: Open Login Page Admin
2020-09-14 21:20:11,563 INFO  com.wordpress.post.Post_01_Create_View_Edit_Delete - Pre-condition - STEP 02: Input To 'Email' textbox 
2020-09-14 21:20:11,955 INFO  com.wordpress.post.Post_01_Create_View_Edit_Delete - Pre-condition - STEP 03: Click to 'Continue' button
2020-09-14 21:20:12,107 INFO  com.wordpress.post.Post_01_Create_View_Edit_Delete - Pre-condition - STEP 04: Input to 'Password' textbox
2020-09-14 21:20:13,396 INFO  com.wordpress.post.Post_01_Create_View_Edit_Delete - Pre-condition - STEP 05: Click to 'Login' button
2020-09-14 21:20:13,493 INFO  com.wordpress.post.Post_01_Create_View_Edit_Delete - Pre-condition - STEP 06: Verify Dashboard Header Displayed
2020-09-14 21:20:30,978 INFO  com.wordpress.post.Post_01_Create_View_Edit_Delete -  -------------------------- PASSED -------------------------- 
2020-09-14 21:20:32,406 INFO  com.wordpress.post.Post_01_Create_View_Edit_Delete -  -------------------------- PASSED -------------------------- 
2020-09-14 21:20:33,618 INFO  com.wordpress.post.Post_01_Create_View_Edit_Delete - Post condition - Close browser 
2020-09-14 21:28:36,973 INFO  com.wordpress.post.Post_01_Create_View_Edit_Delete - Pre-condition - Open browser
2020-09-14 21:28:46,046 INFO  com.wordpress.post.Post_01_Create_View_Edit_Delete - Pre-condition - STEP 01: Open Login Page Admin
2020-09-14 21:28:46,050 INFO  com.wordpress.post.Post_01_Create_View_Edit_Delete - Pre-condition - STEP 02: Input To 'Email' textbox 
2020-09-14 21:28:46,359 INFO  com.wordpress.post.Post_01_Create_View_Edit_Delete - Pre-condition - STEP 03: Click to 'Continue' button
2020-09-14 21:28:46,497 INFO  com.wordpress.post.Post_01_Create_View_Edit_Delete - Pre-condition - STEP 04: Input to 'Password' textbox
2020-09-14 21:28:47,204 INFO  com.wordpress.post.Post_01_Create_View_Edit_Delete - Pre-condition - STEP 05: Click to 'Login' button
2020-09-14 21:28:47,298 INFO  com.wordpress.post.Post_01_Create_View_Edit_Delete - Pre-condition - STEP 06: Verify Dashboard Header Displayed
2020-09-14 21:29:01,939 INFO  com.wordpress.post.Post_01_Create_View_Edit_Delete -  -------------------------- PASSED -------------------------- 
2020-09-14 21:29:02,793 INFO  com.wordpress.post.Post_01_Create_View_Edit_Delete -  -------------------------- PASSED -------------------------- 
2020-09-14 21:29:09,322 INFO  com.wordpress.post.Post_01_Create_View_Edit_Delete -  -------------------------- PASSED -------------------------- 
2020-09-14 21:29:39,395 INFO  com.wordpress.post.Post_01_Create_View_Edit_Delete - Post condition - Close browser 
2020-09-14 21:36:34,928 INFO  com.wordpress.post.Post_01_Create_View_Edit_Delete - Pre-condition - Open browser
2020-09-14 21:36:43,939 INFO  com.wordpress.post.Post_01_Create_View_Edit_Delete - Pre-condition - STEP 01: Open Login Page Admin
2020-09-14 21:36:43,942 INFO  com.wordpress.post.Post_01_Create_View_Edit_Delete - Pre-condition - STEP 02: Input To 'Email' textbox 
2020-09-14 21:36:44,513 INFO  com.wordpress.post.Post_01_Create_View_Edit_Delete - Pre-condition - STEP 03: Click to 'Continue' button
2020-09-14 21:36:44,664 INFO  com.wordpress.post.Post_01_Create_View_Edit_Delete - Pre-condition - STEP 04: Input to 'Password' textbox
2020-09-14 21:36:45,415 INFO  com.wordpress.post.Post_01_Create_View_Edit_Delete - Pre-condition - STEP 05: Click to 'Login' button
2020-09-14 21:36:45,534 INFO  com.wordpress.post.Post_01_Create_View_Edit_Delete - Pre-condition - STEP 06: Verify Dashboard Header Displayed
2020-09-14 21:37:01,822 INFO  com.wordpress.post.Post_01_Create_View_Edit_Delete -  -------------------------- PASSED -------------------------- 
2020-09-14 21:37:02,763 INFO  com.wordpress.post.Post_01_Create_View_Edit_Delete -  -------------------------- PASSED -------------------------- 
2020-09-14 21:37:12,166 INFO  com.wordpress.post.Post_01_Create_View_Edit_Delete -  -------------------------- PASSED -------------------------- 
2020-09-14 21:37:45,630 INFO  com.wordpress.post.Post_01_Create_View_Edit_Delete - Pre-condition - Open browser
2020-09-14 21:37:45,684 INFO  com.wordpress.post.Post_01_Create_View_Edit_Delete - Post condition - Close browser 
2020-09-14 21:37:54,432 INFO  com.wordpress.post.Post_01_Create_View_Edit_Delete - Pre-condition - STEP 01: Open Login Page Admin
2020-09-14 21:37:54,435 INFO  com.wordpress.post.Post_01_Create_View_Edit_Delete - Pre-condition - STEP 02: Input To 'Email' textbox 
2020-09-14 21:37:54,786 INFO  com.wordpress.post.Post_01_Create_View_Edit_Delete - Pre-condition - STEP 03: Click to 'Continue' button
2020-09-14 21:37:54,922 INFO  com.wordpress.post.Post_01_Create_View_Edit_Delete - Pre-condition - STEP 04: Input to 'Password' textbox
2020-09-14 21:37:55,640 INFO  com.wordpress.post.Post_01_Create_View_Edit_Delete - Pre-condition - STEP 05: Click to 'Login' button
2020-09-14 21:37:55,759 INFO  com.wordpress.post.Post_01_Create_View_Edit_Delete - Pre-condition - STEP 06: Verify Dashboard Header Displayed
2020-09-14 21:38:10,189 INFO  com.wordpress.post.Post_01_Create_View_Edit_Delete -  -------------------------- PASSED -------------------------- 
2020-09-14 21:38:11,082 INFO  com.wordpress.post.Post_01_Create_View_Edit_Delete -  -------------------------- PASSED -------------------------- 
2020-09-14 21:38:19,135 INFO  com.wordpress.post.Post_01_Create_View_Edit_Delete -  -------------------------- PASSED -------------------------- 
2020-09-14 21:38:52,108 INFO  com.wordpress.post.Post_01_Create_View_Edit_Delete - Post condition - Close browser 
2020-09-14 21:41:11,669 INFO  com.wordpress.post.Post_01_Create_View_Edit_Delete - Pre-condition - Open browser
2020-09-14 21:41:20,038 INFO  com.wordpress.post.Post_01_Create_View_Edit_Delete - Pre-condition - STEP 01: Open Login Page Admin
2020-09-14 21:41:20,041 INFO  com.wordpress.post.Post_01_Create_View_Edit_Delete - Pre-condition - STEP 02: Input To 'Email' textbox 
2020-09-14 21:41:20,384 INFO  com.wordpress.post.Post_01_Create_View_Edit_Delete - Pre-condition - STEP 03: Click to 'Continue' button
2020-09-14 21:41:20,526 INFO  com.wordpress.post.Post_01_Create_View_Edit_Delete - Pre-condition - STEP 04: Input to 'Password' textbox
2020-09-14 21:41:21,303 INFO  com.wordpress.post.Post_01_Create_View_Edit_Delete - Pre-condition - STEP 05: Click to 'Login' button
2020-09-14 21:41:21,453 INFO  com.wordpress.post.Post_01_Create_View_Edit_Delete - Pre-condition - STEP 06: Verify Dashboard Header Displayed
2020-09-14 21:41:36,196 INFO  com.wordpress.post.Post_01_Create_View_Edit_Delete -  -------------------------- PASSED -------------------------- 
2020-09-14 21:41:37,106 INFO  com.wordpress.post.Post_01_Create_View_Edit_Delete -  -------------------------- PASSED -------------------------- 
2020-09-14 21:41:45,946 INFO  com.wordpress.post.Post_01_Create_View_Edit_Delete -  -------------------------- PASSED -------------------------- 
2020-09-14 21:42:18,621 INFO  com.wordpress.post.Post_01_Create_View_Edit_Delete - Post condition - Close browser 
2020-09-14 21:53:48,798 INFO  com.wordpress.post.Post_01_Create_View_Edit_Delete - Pre-condition - Open browser
2020-09-14 21:53:58,078 INFO  com.wordpress.post.Post_01_Create_View_Edit_Delete - Pre-condition - STEP 01: Open Login Page Admin
2020-09-14 21:53:58,082 INFO  com.wordpress.post.Post_01_Create_View_Edit_Delete - Pre-condition - STEP 02: Input To 'Email' textbox 
2020-09-14 21:53:58,737 INFO  com.wordpress.post.Post_01_Create_View_Edit_Delete - Pre-condition - STEP 03: Click to 'Continue' button
2020-09-14 21:53:58,922 INFO  com.wordpress.post.Post_01_Create_View_Edit_Delete - Pre-condition - STEP 04: Input to 'Password' textbox
2020-09-14 21:53:59,761 INFO  com.wordpress.post.Post_01_Create_View_Edit_Delete - Pre-condition - STEP 05: Click to 'Login' button
2020-09-14 21:53:59,966 INFO  com.wordpress.post.Post_01_Create_View_Edit_Delete - Pre-condition - STEP 06: Verify Dashboard Header Displayed
2020-09-14 21:54:14,459 INFO  com.wordpress.post.Post_01_Create_View_Edit_Delete -  -------------------------- PASSED -------------------------- 
2020-09-14 21:54:15,364 INFO  com.wordpress.post.Post_01_Create_View_Edit_Delete -  -------------------------- PASSED -------------------------- 
2020-09-14 21:54:23,901 INFO  com.wordpress.post.Post_01_Create_View_Edit_Delete -  -------------------------- PASSED -------------------------- 
2020-09-14 21:54:27,398 INFO  com.wordpress.post.Post_01_Create_View_Edit_Delete -  -------------------------- PASSED -------------------------- 
2020-09-14 21:54:49,077 INFO  com.wordpress.post.Post_01_Create_View_Edit_Delete - Pre-condition - Open browser
2020-09-14 21:54:57,344 INFO  com.wordpress.post.Post_01_Create_View_Edit_Delete - Pre-condition - STEP 01: Open Login Page Admin
2020-09-14 21:54:57,349 INFO  com.wordpress.post.Post_01_Create_View_Edit_Delete - Pre-condition - STEP 02: Input To 'Email' textbox 
2020-09-14 21:54:57,844 INFO  com.wordpress.post.Post_01_Create_View_Edit_Delete - Pre-condition - STEP 03: Click to 'Continue' button
2020-09-14 21:54:58,032 INFO  com.wordpress.post.Post_01_Create_View_Edit_Delete - Pre-condition - STEP 04: Input to 'Password' textbox
2020-09-14 21:54:58,730 INFO  com.wordpress.post.Post_01_Create_View_Edit_Delete - Post condition - Close browser 
2020-09-14 21:54:59,264 INFO  com.wordpress.post.Post_01_Create_View_Edit_Delete - Pre-condition - STEP 05: Click to 'Login' button
2020-09-14 21:55:00,542 INFO  com.wordpress.post.Post_01_Create_View_Edit_Delete - Pre-condition - STEP 06: Verify Dashboard Header Displayed
2020-09-14 21:55:14,564 INFO  com.wordpress.post.Post_01_Create_View_Edit_Delete -  -------------------------- PASSED -------------------------- 
2020-09-14 21:55:16,008 INFO  com.wordpress.post.Post_01_Create_View_Edit_Delete -  -------------------------- PASSED -------------------------- 
2020-09-14 21:55:23,738 INFO  com.wordpress.post.Post_01_Create_View_Edit_Delete -  -------------------------- PASSED -------------------------- 
2020-09-14 21:55:26,216 INFO  com.wordpress.post.Post_01_Create_View_Edit_Delete -  -------------------------- PASSED -------------------------- 
2020-09-14 21:55:57,454 INFO  com.wordpress.post.Post_01_Create_View_Edit_Delete - Post condition - Close browser 
2020-09-14 21:57:58,949 INFO  com.wordpress.post.Post_01_Create_View_Edit_Delete - Pre-condition - Open browser
2020-09-14 21:58:07,896 INFO  com.wordpress.post.Post_01_Create_View_Edit_Delete - Pre-condition - STEP 01: Open Login Page Admin
2020-09-14 21:58:07,899 INFO  com.wordpress.post.Post_01_Create_View_Edit_Delete - Pre-condition - STEP 02: Input To 'Email' textbox 
2020-09-14 21:58:08,281 INFO  com.wordpress.post.Post_01_Create_View_Edit_Delete - Pre-condition - STEP 03: Click to 'Continue' button
2020-09-14 21:58:08,462 INFO  com.wordpress.post.Post_01_Create_View_Edit_Delete - Pre-condition - STEP 04: Input to 'Password' textbox
2020-09-14 21:58:09,217 INFO  com.wordpress.post.Post_01_Create_View_Edit_Delete - Pre-condition - STEP 05: Click to 'Login' button
2020-09-14 21:58:09,337 INFO  com.wordpress.post.Post_01_Create_View_Edit_Delete - Pre-condition - STEP 06: Verify Dashboard Header Displayed
2020-09-14 21:58:23,605 INFO  com.wordpress.post.Post_01_Create_View_Edit_Delete -  -------------------------- PASSED -------------------------- 
2020-09-14 21:58:24,526 INFO  com.wordpress.post.Post_01_Create_View_Edit_Delete -  -------------------------- PASSED -------------------------- 
2020-09-14 21:58:35,011 INFO  com.wordpress.post.Post_01_Create_View_Edit_Delete -  -------------------------- PASSED -------------------------- 
2020-09-14 21:58:37,997 INFO  com.wordpress.post.Post_01_Create_View_Edit_Delete -  -------------------------- PASSED -------------------------- 
2020-09-14 21:59:09,171 INFO  com.wordpress.post.Post_01_Create_View_Edit_Delete - Post condition - Close browser 
2020-09-14 22:32:37,762 INFO  com.wordpress.post.Post_01_Create_View_Edit_Delete - Pre-condition - Open browser
2020-09-14 22:32:47,915 INFO  com.wordpress.post.Post_01_Create_View_Edit_Delete - Pre-condition - STEP 01: Open Login Page Admin
2020-09-14 22:32:47,936 INFO  com.wordpress.post.Post_01_Create_View_Edit_Delete - Pre-condition - STEP 02: Input To 'Email' textbox 
2020-09-14 22:32:48,295 INFO  com.wordpress.post.Post_01_Create_View_Edit_Delete - Pre-condition - STEP 03: Click to 'Continue' button
2020-09-14 22:32:48,462 INFO  com.wordpress.post.Post_01_Create_View_Edit_Delete - Pre-condition - STEP 04: Input to 'Password' textbox
2020-09-14 22:32:49,206 INFO  com.wordpress.post.Post_01_Create_View_Edit_Delete - Pre-condition - STEP 05: Click to 'Login' button
2020-09-14 22:32:49,323 INFO  com.wordpress.post.Post_01_Create_View_Edit_Delete - Pre-condition - STEP 06: Verify Dashboard Header Displayed
2020-09-14 22:33:03,650 INFO  com.wordpress.post.Post_01_Create_View_Edit_Delete -  -------------------------- PASSED -------------------------- 
2020-09-14 22:33:04,572 INFO  com.wordpress.post.Post_01_Create_View_Edit_Delete -  -------------------------- PASSED -------------------------- 
2020-09-14 22:33:14,304 INFO  com.wordpress.post.Post_01_Create_View_Edit_Delete -  -------------------------- PASSED -------------------------- 
2020-09-14 22:33:17,811 INFO  com.wordpress.post.Post_01_Create_View_Edit_Delete -  -------------------------- PASSED -------------------------- 
2020-09-14 22:33:48,967 INFO  com.wordpress.post.Post_01_Create_View_Edit_Delete - Post condition - Close browser 
